<?xml version="1.0" encoding="UTF-8"?>
<!-- Generated by org.testng.reporters.JUnitReportReporter -->
<testsuite hostname="LP95" failures="0" tests="2" name="LetsKodeit.DataProviders" time="6.296" errors="0" timestamp="2022-12-15T15:09:58 IST" skipped="0">
  <testcase classname="LetsKodeit.DataProviders" name="smd" time="2.392"/>
  <system-out/>
  <testcase classname="LetsKodeit.DataProviders" name="smd" time="3.904"/>
  <system-out/>
</testsuite> <!-- LetsKodeit.DataProviders -->
