<?xml version="1.0" encoding="UTF-8"?>
<!-- Generated by org.testng.reporters.JUnitReportReporter -->
<testsuite hostname="LP95" failures="0" tests="1" name="seliuminterveiw.newselenium" time="11.745" errors="0" timestamp="2023-04-26T15:01:58 IST" skipped="0">
  <testcase classname="seliuminterveiw.newselenium" name="js" time="11.745"/>
  <system-out/>
</testsuite> <!-- seliuminterveiw.newselenium -->
