<?xml version="1.0" encoding="UTF-8"?>
<!-- Generated by org.testng.reporters.JUnitReportReporter -->
<testsuite hostname="LP95" failures="0" tests="1" name="RevisonShammi.seltutorial" time="0.026" errors="0" timestamp="2023-04-19T11:57:05 IST" skipped="0">
  <testcase classname="RevisonShammi.seltutorial" name="take" time="0.026"/>
  <system-out/>
</testsuite> <!-- RevisonShammi.seltutorial -->
