<?xml version="1.0" encoding="UTF-8"?>
<!-- Generated by org.testng.reporters.JUnitReportReporter -->
<testsuite hostname="LP95" failures="0" tests="3" name="LetsKodeit.Groupsinthetestng" time="0.016" errors="0" timestamp="2022-12-15T17:33:47 IST" skipped="0">
  <testcase classname="LetsKodeit.Groupsinthetestng" name="qa" time="0.010"/>
  <system-out/>
  <testcase classname="LetsKodeit.Groupsinthetestng" name="qwe" time="0.003"/>
  <system-out/>
  <testcase classname="LetsKodeit.Groupsinthetestng" name="qw" time="0.003"/>
  <system-out/>
</testsuite> <!-- LetsKodeit.Groupsinthetestng -->
