<?xml version="1.0" encoding="UTF-8"?>
<!-- Generated by org.testng.reporters.JUnitReportReporter -->
<testsuite hostname="LP95" failures="0" tests="3" name="LetsKodeit.Testngcriteria" time="0.008" errors="0" timestamp="2022-12-15T16:48:47 IST" skipped="0">
  <testcase classname="LetsKodeit.Testngcriteria" name="ahf" time="0.001"/>
  <system-out/>
  <testcase classname="LetsKodeit.Testngcriteria" name="ujjwal" time="0.005"/>
  <system-out/>
  <testcase classname="LetsKodeit.Testngcriteria" name="js" time="0.002"/>
  <system-out/>
</testsuite> <!-- LetsKodeit.Testngcriteria -->
