<?xml version="1.0" encoding="UTF-8"?>
<!-- Generated by org.testng.reporters.JUnitReportReporter -->
<testsuite hostname="LP95" failures="0" tests="1" name="seliuminterveiw.testng1" time="17.482" errors="0" timestamp="2023-04-26T16:14:25 IST" skipped="0">
  <testcase classname="seliuminterveiw.testng1" name="first" time="17.482"/>
  <system-out/>
</testsuite> <!-- seliuminterveiw.testng1 -->
