<?xml version="1.0" encoding="UTF-8"?>
<!-- Generated by org.testng.reporters.JUnitReportReporter -->
<testsuite hostname="LP95" failures="0" tests="2" name="testng.testq" time="0.016" errors="0" timestamp="2023-05-15T13:24:46 IST" skipped="0">
  <testcase classname="testng.testq" name="jads" time="0.008"/>
  <system-out/>
  <testcase classname="testng.testq" name="jad" time="0.008"/>
  <system-out/>
</testsuite> <!-- testng.testq -->
